<?xml version="1.0" encoding="UTF-8"?>
<testsuite name="com.bridgelabz.InvoiceGeneratorTest" tests="3" skipped="0" failures="0" errors="0" timestamp="2022-07-23T12:55:40" hostname="DESKTOP-8DEVOGL" time="0.026">
  <properties/>
  <testcase name="givenLessDistanceAndTime_ShouldReturnMinFare()" classname="com.bridgelabz.InvoiceGeneratorTest" time="0.018"/>
  <testcase name="givenDistanceAndTime_ShouldReturnTotalFare()" classname="com.bridgelabz.InvoiceGeneratorTest" time="0.003"/>
  <testcase name="givenMultipleRides_ShouldReturnInvoiceSummary()" classname="com.bridgelabz.InvoiceGeneratorTest" time="0.001"/>
  <system-out><![CDATA[]]></system-out>
  <system-err><![CDATA[]]></system-err>
</testsuite>
