<?xml version="1.0" encoding="UTF-8"?>
<testsuite name="com.bridgelabz.InvoiceGeneratorTest" tests="1" skipped="0" failures="0" errors="0" timestamp="2022-07-23T12:51:53" hostname="DESKTOP-8DEVOGL" time="0.017">
  <properties/>
  <testcase name="givenDistanceAndTime_ShouldReturnTotalFare()" classname="com.bridgelabz.InvoiceGeneratorTest" time="0.017"/>
  <system-out><![CDATA[]]></system-out>
  <system-err><![CDATA[]]></system-err>
</testsuite>
