<?xml version="1.0" encoding="UTF-8"?>
<testsuite name="com.bridgelabz.InvoiceGeneratorTest" tests="5" skipped="0" failures="0" errors="0" timestamp="2022-07-23T13:05:57" hostname="DESKTOP-8DEVOGL" time="0.029">
  <properties/>
  <testcase name="givenLessDistanceAndTime_ShouldReturnMinFare()" classname="com.bridgelabz.InvoiceGeneratorTest" time="0.021"/>
  <testcase name="givenMultipleRides_ShouldReturnTotalFare()" classname="com.bridgelabz.InvoiceGeneratorTest" time="0.002"/>
  <testcase name="givenUserId_ShouldReturnInvoiceSummary()" classname="com.bridgelabz.InvoiceGeneratorTest" time="0.002"/>
  <testcase name="givenDistanceAndTime_ShouldReturnTotalFare()" classname="com.bridgelabz.InvoiceGeneratorTest" time="0.001"/>
  <testcase name="givenMultipleRides_ShouldReturnInvoiceSummary()" classname="com.bridgelabz.InvoiceGeneratorTest" time="0.0"/>
  <system-out><![CDATA[]]></system-out>
  <system-err><![CDATA[]]></system-err>
</testsuite>
